[0.395s] Invoking command in '/home/dyu056/Projects/Buroka/src/facial_expression': CONDA_PROMPT_MODIFIER=(base) PYTHONPATH=/home/dyu056/Projects/Buroka/build/facial_expression/prefix_override:/usr/lib/python3/dist-packages/colcon_core/task/python/colcon_distutils_commands:/home/dyu056/Projects/Buroka/install/facial_expression/lib/python3.10/site-packages:${PYTHONPATH} /usr/bin/python3 -W ignore:setup.py install is deprecated -W ignore:easy_install command is deprecated setup.py egg_info --egg-base ../../build/facial_expression build --build-base /home/dyu056/Projects/Buroka/build/facial_expression/build install --record /home/dyu056/Projects/Buroka/build/facial_expression/install.log --single-version-externally-managed install_data
[0.565s] running egg_info
[0.565s] creating ../../build/facial_expression/facial_expression.egg-info
[0.565s] writing ../../build/facial_expression/facial_expression.egg-info/PKG-INFO
[0.565s] writing dependency_links to ../../build/facial_expression/facial_expression.egg-info/dependency_links.txt
[0.565s] writing entry points to ../../build/facial_expression/facial_expression.egg-info/entry_points.txt
[0.565s] writing requirements to ../../build/facial_expression/facial_expression.egg-info/requires.txt
[0.566s] writing top-level names to ../../build/facial_expression/facial_expression.egg-info/top_level.txt
[0.566s] writing manifest file '../../build/facial_expression/facial_expression.egg-info/SOURCES.txt'
[0.567s] reading manifest file '../../build/facial_expression/facial_expression.egg-info/SOURCES.txt'
[0.567s] adding license file 'LICENSE'
[0.567s] writing manifest file '../../build/facial_expression/facial_expression.egg-info/SOURCES.txt'
[0.567s] running build
[0.567s] running build_py
[0.567s] creating /home/dyu056/Projects/Buroka/build/facial_expression/build
[0.567s] creating /home/dyu056/Projects/Buroka/build/facial_expression/build/lib
[0.567s] creating /home/dyu056/Projects/Buroka/build/facial_expression/build/lib/facial_expression
[0.567s] copying facial_expression/__init__.py -> /home/dyu056/Projects/Buroka/build/facial_expression/build/lib/facial_expression
[0.568s] copying facial_expression/facial_expression.py -> /home/dyu056/Projects/Buroka/build/facial_expression/build/lib/facial_expression
[0.568s] running install
[0.568s] running install_lib
[0.568s] creating /home/dyu056/Projects/Buroka/install/facial_expression/lib/python3.10/site-packages/facial_expression
[0.568s] copying /home/dyu056/Projects/Buroka/build/facial_expression/build/lib/facial_expression/__init__.py -> /home/dyu056/Projects/Buroka/install/facial_expression/lib/python3.10/site-packages/facial_expression
[0.568s] copying /home/dyu056/Projects/Buroka/build/facial_expression/build/lib/facial_expression/facial_expression.py -> /home/dyu056/Projects/Buroka/install/facial_expression/lib/python3.10/site-packages/facial_expression
[0.569s] byte-compiling /home/dyu056/Projects/Buroka/install/facial_expression/lib/python3.10/site-packages/facial_expression/__init__.py to __init__.cpython-310.pyc
[0.569s] byte-compiling /home/dyu056/Projects/Buroka/install/facial_expression/lib/python3.10/site-packages/facial_expression/facial_expression.py to facial_expression.cpython-310.pyc
[0.569s] running install_data
[0.569s] creating /home/dyu056/Projects/Buroka/install/facial_expression/share/ament_index
[0.569s] creating /home/dyu056/Projects/Buroka/install/facial_expression/share/ament_index/resource_index
[0.569s] creating /home/dyu056/Projects/Buroka/install/facial_expression/share/ament_index/resource_index/packages
[0.569s] copying resource/facial_expression -> /home/dyu056/Projects/Buroka/install/facial_expression/share/ament_index/resource_index/packages
[0.569s] copying package.xml -> /home/dyu056/Projects/Buroka/install/facial_expression/share/facial_expression
[0.569s] running install_egg_info
[0.570s] Copying ../../build/facial_expression/facial_expression.egg-info to /home/dyu056/Projects/Buroka/install/facial_expression/lib/python3.10/site-packages/facial_expression-0.0.0-py3.10.egg-info
[0.571s] running install_scripts
[0.585s] Installing facial_expression script to /home/dyu056/Projects/Buroka/install/facial_expression/lib/facial_expression
[0.585s] writing list of installed files to '/home/dyu056/Projects/Buroka/build/facial_expression/install.log'
[0.599s] Invoked command in '/home/dyu056/Projects/Buroka/src/facial_expression' returned '0': CONDA_PROMPT_MODIFIER=(base) PYTHONPATH=/home/dyu056/Projects/Buroka/build/facial_expression/prefix_override:/usr/lib/python3/dist-packages/colcon_core/task/python/colcon_distutils_commands:/home/dyu056/Projects/Buroka/install/facial_expression/lib/python3.10/site-packages:${PYTHONPATH} /usr/bin/python3 -W ignore:setup.py install is deprecated -W ignore:easy_install command is deprecated setup.py egg_info --egg-base ../../build/facial_expression build --build-base /home/dyu056/Projects/Buroka/build/facial_expression/build install --record /home/dyu056/Projects/Buroka/build/facial_expression/install.log --single-version-externally-managed install_data
