running egg_info
creating ../../build/keyboard_publisher/keyboard_publisher.egg-info
writing ../../build/keyboard_publisher/keyboard_publisher.egg-info/PKG-INFO
writing dependency_links to ../../build/keyboard_publisher/keyboard_publisher.egg-info/dependency_links.txt
writing entry points to ../../build/keyboard_publisher/keyboard_publisher.egg-info/entry_points.txt
writing requirements to ../../build/keyboard_publisher/keyboard_publisher.egg-info/requires.txt
writing top-level names to ../../build/keyboard_publisher/keyboard_publisher.egg-info/top_level.txt
writing manifest file '../../build/keyboard_publisher/keyboard_publisher.egg-info/SOURCES.txt'
reading manifest file '../../build/keyboard_publisher/keyboard_publisher.egg-info/SOURCES.txt'
writing manifest file '../../build/keyboard_publisher/keyboard_publisher.egg-info/SOURCES.txt'
running build
running build_py
creating /home/dyu056/Projects/Buroka/build/keyboard_publisher/build
creating /home/dyu056/Projects/Buroka/build/keyboard_publisher/build/lib
creating /home/dyu056/Projects/Buroka/build/keyboard_publisher/build/lib/keyboard_publisher
copying keyboard_publisher/__init__.py -> /home/dyu056/Projects/Buroka/build/keyboard_publisher/build/lib/keyboard_publisher
copying keyboard_publisher/keyboard_publisher.py -> /home/dyu056/Projects/Buroka/build/keyboard_publisher/build/lib/keyboard_publisher
running install
running install_lib
creating /home/dyu056/Projects/Buroka/install/keyboard_publisher/lib/python3.10/site-packages/keyboard_publisher
copying /home/dyu056/Projects/Buroka/build/keyboard_publisher/build/lib/keyboard_publisher/__init__.py -> /home/dyu056/Projects/Buroka/install/keyboard_publisher/lib/python3.10/site-packages/keyboard_publisher
copying /home/dyu056/Projects/Buroka/build/keyboard_publisher/build/lib/keyboard_publisher/keyboard_publisher.py -> /home/dyu056/Projects/Buroka/install/keyboard_publisher/lib/python3.10/site-packages/keyboard_publisher
byte-compiling /home/dyu056/Projects/Buroka/install/keyboard_publisher/lib/python3.10/site-packages/keyboard_publisher/__init__.py to __init__.cpython-310.pyc
byte-compiling /home/dyu056/Projects/Buroka/install/keyboard_publisher/lib/python3.10/site-packages/keyboard_publisher/keyboard_publisher.py to keyboard_publisher.cpython-310.pyc
running install_data
creating /home/dyu056/Projects/Buroka/install/keyboard_publisher/share/ament_index
creating /home/dyu056/Projects/Buroka/install/keyboard_publisher/share/ament_index/resource_index
creating /home/dyu056/Projects/Buroka/install/keyboard_publisher/share/ament_index/resource_index/packages
copying resource/keyboard_publisher -> /home/dyu056/Projects/Buroka/install/keyboard_publisher/share/ament_index/resource_index/packages
copying package.xml -> /home/dyu056/Projects/Buroka/install/keyboard_publisher/share/keyboard_publisher
running install_egg_info
Copying ../../build/keyboard_publisher/keyboard_publisher.egg-info to /home/dyu056/Projects/Buroka/install/keyboard_publisher/lib/python3.10/site-packages/keyboard_publisher-0.0.0-py3.10.egg-info
running install_scripts
Installing keyboard_publisher script to /home/dyu056/Projects/Buroka/install/keyboard_publisher/lib/keyboard_publisher
writing list of installed files to '/home/dyu056/Projects/Buroka/build/keyboard_publisher/install.log'
