running egg_info
writing ../../build/facial_expression/facial_expression.egg-info/PKG-INFO
writing dependency_links to ../../build/facial_expression/facial_expression.egg-info/dependency_links.txt
writing entry points to ../../build/facial_expression/facial_expression.egg-info/entry_points.txt
writing requirements to ../../build/facial_expression/facial_expression.egg-info/requires.txt
writing top-level names to ../../build/facial_expression/facial_expression.egg-info/top_level.txt
reading manifest file '../../build/facial_expression/facial_expression.egg-info/SOURCES.txt'
adding license file 'LICENSE'
writing manifest file '../../build/facial_expression/facial_expression.egg-info/SOURCES.txt'
running build
running build_py
copying facial_expression/facial_expression.py -> /home/dyu056/Projects/Buroka/build/facial_expression/build/lib/facial_expression
running install
running install_lib
copying /home/dyu056/Projects/Buroka/build/facial_expression/build/lib/facial_expression/facial_expression.py -> /home/dyu056/Projects/Buroka/install/facial_expression/lib/python3.10/site-packages/facial_expression
byte-compiling /home/dyu056/Projects/Buroka/install/facial_expression/lib/python3.10/site-packages/facial_expression/facial_expression.py to facial_expression.cpython-310.pyc
running install_data
running install_egg_info
removing '/home/dyu056/Projects/Buroka/install/facial_expression/lib/python3.10/site-packages/facial_expression-0.0.0-py3.10.egg-info' (and everything under it)
Copying ../../build/facial_expression/facial_expression.egg-info to /home/dyu056/Projects/Buroka/install/facial_expression/lib/python3.10/site-packages/facial_expression-0.0.0-py3.10.egg-info
running install_scripts
Installing facial_expression script to /home/dyu056/Projects/Buroka/install/facial_expression/lib/facial_expression
writing list of installed files to '/home/dyu056/Projects/Buroka/build/facial_expression/install.log'
