[0.373s] Invoking command in '/home/dyu056/Projects/Buroka/src/facial_expression': CONDA_PROMPT_MODIFIER=(base) PYTHONPATH=/home/dyu056/Projects/Buroka/build/facial_expression/prefix_override:/usr/lib/python3/dist-packages/colcon_core/task/python/colcon_distutils_commands:/home/dyu056/Projects/Buroka/install/facial_expression/lib/python3.10/site-packages:${PYTHONPATH} /usr/bin/python3 -W ignore:setup.py install is deprecated -W ignore:easy_install command is deprecated setup.py egg_info --egg-base ../../build/facial_expression build --build-base /home/dyu056/Projects/Buroka/build/facial_expression/build install --record /home/dyu056/Projects/Buroka/build/facial_expression/install.log --single-version-externally-managed install_data
[0.524s] running egg_info
[0.525s] writing ../../build/facial_expression/facial_expression.egg-info/PKG-INFO
[0.525s] writing dependency_links to ../../build/facial_expression/facial_expression.egg-info/dependency_links.txt
[0.525s] writing entry points to ../../build/facial_expression/facial_expression.egg-info/entry_points.txt
[0.525s] writing requirements to ../../build/facial_expression/facial_expression.egg-info/requires.txt
[0.525s] writing top-level names to ../../build/facial_expression/facial_expression.egg-info/top_level.txt
[0.526s] reading manifest file '../../build/facial_expression/facial_expression.egg-info/SOURCES.txt'
[0.526s] adding license file 'LICENSE'
[0.527s] writing manifest file '../../build/facial_expression/facial_expression.egg-info/SOURCES.txt'
[0.527s] running build
[0.527s] running build_py
[0.527s] copying facial_expression/facial_expression.py -> /home/dyu056/Projects/Buroka/build/facial_expression/build/lib/facial_expression
[0.527s] running install
[0.527s] running install_lib
[0.528s] copying /home/dyu056/Projects/Buroka/build/facial_expression/build/lib/facial_expression/facial_expression.py -> /home/dyu056/Projects/Buroka/install/facial_expression/lib/python3.10/site-packages/facial_expression
[0.528s] byte-compiling /home/dyu056/Projects/Buroka/install/facial_expression/lib/python3.10/site-packages/facial_expression/facial_expression.py to facial_expression.cpython-310.pyc
[0.529s] running install_data
[0.529s] running install_egg_info
[0.530s] removing '/home/dyu056/Projects/Buroka/install/facial_expression/lib/python3.10/site-packages/facial_expression-0.0.0-py3.10.egg-info' (and everything under it)
[0.530s] Copying ../../build/facial_expression/facial_expression.egg-info to /home/dyu056/Projects/Buroka/install/facial_expression/lib/python3.10/site-packages/facial_expression-0.0.0-py3.10.egg-info
[0.531s] running install_scripts
[0.543s] Installing facial_expression script to /home/dyu056/Projects/Buroka/install/facial_expression/lib/facial_expression
[0.544s] writing list of installed files to '/home/dyu056/Projects/Buroka/build/facial_expression/install.log'
[0.557s] Invoked command in '/home/dyu056/Projects/Buroka/src/facial_expression' returned '0': CONDA_PROMPT_MODIFIER=(base) PYTHONPATH=/home/dyu056/Projects/Buroka/build/facial_expression/prefix_override:/usr/lib/python3/dist-packages/colcon_core/task/python/colcon_distutils_commands:/home/dyu056/Projects/Buroka/install/facial_expression/lib/python3.10/site-packages:${PYTHONPATH} /usr/bin/python3 -W ignore:setup.py install is deprecated -W ignore:easy_install command is deprecated setup.py egg_info --egg-base ../../build/facial_expression build --build-base /home/dyu056/Projects/Buroka/build/facial_expression/build install --record /home/dyu056/Projects/Buroka/build/facial_expression/install.log --single-version-externally-managed install_data
